2025-07-12 11:03:01.319 [main] INFO  c.example.library.LibraryApplication - Starting LibraryApplication using Java 21.0.6 with PID 49856 (D:\school\java\大作业\源码-225150202028-孙家兴\源码-225150202028-孙家兴\library\target\classes started by sjx in D:\school\java\大作业\源码-225150202028-孙家兴\源码-225150202028-孙家兴\library)
2025-07-12 11:03:01.327 [main] DEBUG c.example.library.LibraryApplication - Running with Spring Boot v3.2.0, Spring v6.1.1
2025-07-12 11:03:01.328 [main] INFO  c.example.library.LibraryApplication - No active profile set, falling back to 1 default profile: "default"
2025-07-12 11:03:02.304 [main] INFO  o.s.d.r.c.RepositoryConfigurationDelegate - Bootstrapping Spring Data JPA repositories in DEFAULT mode.
2025-07-12 11:03:02.356 [main] INFO  o.s.d.r.c.RepositoryConfigurationDelegate - Finished Spring Data repository scanning in 43 ms. Found 3 JPA repository interfaces.
2025-07-12 11:03:03.040 [main] INFO  o.s.b.w.e.tomcat.TomcatWebServer - Tomcat initialized with port 8080 (http)
2025-07-12 11:03:03.048 [main] INFO  o.a.coyote.http11.Http11NioProtocol - Initializing ProtocolHandler ["http-nio-8080"]
2025-07-12 11:03:03.049 [main] INFO  o.a.catalina.core.StandardService - Starting service [Tomcat]
2025-07-12 11:03:03.050 [main] INFO  o.a.catalina.core.StandardEngine - Starting Servlet engine: [Apache Tomcat/10.1.16]
2025-07-12 11:03:03.221 [main] INFO  o.apache.jasper.servlet.TldScanner - At least one JAR was scanned for TLDs yet contained no TLDs. Enable debug logging for this logger for a complete list of JARs that were scanned but no TLDs were found in them. Skipping unneeded JARs during scanning can improve startup time and JSP compilation time.
2025-07-12 11:03:03.228 [main] INFO  o.a.c.c.C.[.[localhost].[/library] - Initializing Spring embedded WebApplicationContext
2025-07-12 11:03:03.228 [main] INFO  o.s.b.w.s.c.ServletWebServerApplicationContext - Root WebApplicationContext: initialization completed in 1842 ms
2025-07-12 11:03:03.864 [main] INFO  o.s.o.j.p.SpringPersistenceUnitInfo - No LoadTimeWeaver setup: ignoring JPA class transformer
2025-07-12 11:03:03.887 [main] WARN  com.zaxxer.hikari.HikariConfig - HikariPool-1 - idleTimeout has been set but has no effect because the pool is operating as a fixed size pool.
2025-07-12 11:03:03.888 [main] INFO  com.zaxxer.hikari.HikariDataSource - HikariPool-1 - Starting...
2025-07-12 11:03:04.025 [main] INFO  com.zaxxer.hikari.pool.HikariPool - HikariPool-1 - Added connection com.mysql.cj.jdbc.ConnectionImpl@462b239f
2025-07-12 11:03:04.026 [main] INFO  com.zaxxer.hikari.HikariDataSource - HikariPool-1 - Start completed.
2025-07-12 11:03:04.109 [main] DEBUG o.h.t.d.sql.spi.DdlTypeRegistry - addDescriptor(12, org.hibernate.type.descriptor.sql.internal.CapacityDependentDdlType@71f437d7) replaced previous registration(org.hibernate.type.descriptor.sql.internal.CapacityDependentDdlType@5186c801)
2025-07-12 11:03:04.110 [main] DEBUG o.h.t.d.sql.spi.DdlTypeRegistry - addDescriptor(-9, org.hibernate.type.descriptor.sql.internal.CapacityDependentDdlType@6c767288) replaced previous registration(org.hibernate.type.descriptor.sql.internal.CapacityDependentDdlType@510e6b93)
2025-07-12 11:03:04.110 [main] DEBUG o.h.t.d.sql.spi.DdlTypeRegistry - addDescriptor(-3, org.hibernate.type.descriptor.sql.internal.CapacityDependentDdlType@129e45eb) replaced previous registration(org.hibernate.type.descriptor.sql.internal.CapacityDependentDdlType@15c3849f)
2025-07-12 11:03:04.110 [main] DEBUG o.h.t.d.sql.spi.DdlTypeRegistry - addDescriptor(4003, org.hibernate.type.descriptor.sql.internal.DdlTypeImpl@4a7e469d) replaced previous registration(org.hibernate.type.descriptor.sql.internal.DdlTypeImpl@688efeb2)
2025-07-12 11:03:04.110 [main] DEBUG o.h.t.d.sql.spi.DdlTypeRegistry - addDescriptor(4001, org.hibernate.type.descriptor.sql.internal.DdlTypeImpl@85f5f55) replaced previous registration(org.hibernate.type.descriptor.sql.internal.DdlTypeImpl@131c5bd)
2025-07-12 11:03:04.110 [main] DEBUG o.h.t.d.sql.spi.DdlTypeRegistry - addDescriptor(4002, org.hibernate.type.descriptor.sql.internal.DdlTypeImpl@394331a8) replaced previous registration(org.hibernate.type.descriptor.sql.internal.DdlTypeImpl@2627335c)
2025-07-12 11:03:04.110 [main] DEBUG o.h.t.d.sql.spi.DdlTypeRegistry - addDescriptor(2004, org.hibernate.type.descriptor.sql.internal.CapacityDependentDdlType@5470753a) replaced previous registration(org.hibernate.type.descriptor.sql.internal.DdlTypeImpl@5b634e24)
2025-07-12 11:03:04.110 [main] DEBUG o.h.t.d.sql.spi.DdlTypeRegistry - addDescriptor(2005, org.hibernate.type.descriptor.sql.internal.CapacityDependentDdlType@7b0dfa91) replaced previous registration(org.hibernate.type.descriptor.sql.internal.DdlTypeImpl@642f8b7f)
2025-07-12 11:03:04.110 [main] DEBUG o.h.t.d.sql.spi.DdlTypeRegistry - addDescriptor(2011, org.hibernate.type.descriptor.sql.internal.CapacityDependentDdlType@3321fb65) replaced previous registration(org.hibernate.type.descriptor.sql.internal.DdlTypeImpl@7272914b)
2025-07-12 11:03:04.886 [main] INFO  o.s.o.j.LocalContainerEntityManagerFactoryBean - Initialized JPA EntityManagerFactory for persistence unit 'default'
2025-07-12 11:03:05.622 [main] WARN  o.s.b.a.o.j.JpaBaseConfiguration$JpaWebConfiguration - spring.jpa.open-in-view is enabled by default. Therefore, database queries may be performed during view rendering. Explicitly configure spring.jpa.open-in-view to disable this warning
2025-07-12 11:03:06.743 [main] INFO  o.s.b.a.e.web.EndpointLinksResolver - Exposing 1 endpoint(s) beneath base path '/actuator'
2025-07-12 11:03:06.887 [main] INFO  o.a.coyote.http11.Http11NioProtocol - Starting ProtocolHandler ["http-nio-8080"]
2025-07-12 11:03:06.934 [main] INFO  o.s.b.w.e.tomcat.TomcatWebServer - Tomcat started on port 8080 (http) with context path '/library'
2025-07-12 11:03:06.961 [main] INFO  c.example.library.LibraryApplication - Started LibraryApplication in 6.171 seconds (process running for 8.005)
2025-07-12 11:03:07.430 [main] DEBUG org.hibernate.SQL - 
    select
        count(*) 
    from
        user u1_0
2025-07-12 11:03:07.444 [main] INFO  c.example.library.LibraryApplication - 已存在用户账户，跳过默认账户创建
2025-07-12 11:03:07.446 [main] INFO  c.example.library.LibraryApplication - 图书馆管理系统启动完成!
2025-07-12 11:03:27.985 [http-nio-8080-exec-3] INFO  o.a.c.c.C.[.[localhost].[/library] - Initializing Spring DispatcherServlet 'dispatcherServlet'
2025-07-12 11:03:28.004 [http-nio-8080-exec-3] DEBUG c.example.library.filter.AuthFilter - 请求路径: /login
2025-07-12 11:03:32.325 [http-nio-8080-exec-4] DEBUG c.example.library.filter.AuthFilter - 请求路径: /login
2025-07-12 11:03:32.338 [http-nio-8080-exec-4] INFO  c.e.l.controller.LoginController - 登录尝试: 用户名=admin@dfxy.com
2025-07-12 11:03:32.368 [http-nio-8080-exec-4] DEBUG org.hibernate.SQL - 
    select
        u1_0.id,
        u1_0.password,
        u1_0.username 
    from
        user u1_0 
    where
        u1_0.username=? 
        and u1_0.password=?
2025-07-12 11:03:32.378 [http-nio-8080-exec-4] INFO  c.e.l.controller.LoginController - 登录成功: 用户名=admin@dfxy.com
2025-07-12 11:03:32.389 [http-nio-8080-exec-5] DEBUG c.example.library.filter.AuthFilter - 请求路径: /books
2025-07-12 11:03:32.389 [http-nio-8080-exec-5] DEBUG c.example.library.filter.AuthFilter - 用户已登录: admin@dfxy.com
2025-07-12 11:03:32.393 [http-nio-8080-exec-5] DEBUG org.hibernate.SQL - 
    select
        b1_0.id,
        b1_0.author,
        b1_0.available,
        b1_0.isbn,
        b1_0.publish_year,
        b1_0.title 
    from
        book b1_0
2025-07-12 11:03:59.122 [SpringApplicationShutdownHook] INFO  o.s.o.j.LocalContainerEntityManagerFactoryBean - Closing JPA EntityManagerFactory for persistence unit 'default'
2025-07-12 11:03:59.124 [SpringApplicationShutdownHook] INFO  com.zaxxer.hikari.HikariDataSource - HikariPool-1 - Shutdown initiated...
2025-07-12 11:03:59.130 [SpringApplicationShutdownHook] INFO  com.zaxxer.hikari.HikariDataSource - HikariPool-1 - Shutdown completed.
